<?xml version="1.0" encoding="UTF-8"?>
<!-- Generated by org.testng.reporters.JUnitReportReporter -->
<testsuite hostname="SKY-20171031ESR" name="testBaidu.testBaidu" tests="1" failures="0" timestamp="20 Mar 2019 00:56:48 GMT" time="1.504" errors="0">
  <testcase name="login" time="1.504" classname="testBaidu.testBaidu"/>
</testsuite> <!-- testBaidu.testBaidu -->
